[ 2017-06-01T09:26:16+08:00 ] /member/common/login/ | ERR: Cron:cron_1 Runat 2017-06-01 09:26:16 Use 0.000216 s

[ 2017-06-01T09:26:17+08:00 ] /Member/common/verify | ERR: Cron:cron_1 Runat 2017-06-01 09:26:17 Use 0.000176 s

[ 2017-06-01T09:26:18+08:00 ] /member/common/login/?_=1496280378443 | ERR: Cron:cron_1 Runat 2017-06-01 09:26:18 Use 0.000173 s

[ 2017-06-01T09:36:27+08:00 ] /jiaorong/admin | ERR: Cron:cron_1 Runat 2017-06-01 09:36:27 Use 0.000165 s

[ 2017-06-01T09:36:33+08:00 ] /admin/index/login | ERR: Cron:cron_1 Runat 2017-06-01 09:36:33 Use 0.000157 s

[ 2017-06-01T09:36:34+08:00 ] /Admin/index/index | ERR: Cron:cron_1 Runat 2017-06-01 09:36:34 Use 0.000189 s

[ 2017-06-01T09:36:35+08:00 ] /admin/welcome/index.html | ERR: Cron:cron_1 Runat 2017-06-01 09:36:35 Use 0.000182 s

[ 2017-06-01T09:36:36+08:00 ] /admin/global/websetting.html | ERR: Cron:cron_1 Runat 2017-06-01 09:36:36 Use 0.000164 s

[ 2017-06-01T09:36:37+08:00 ] /admin/global/feesetting.html | ERR: Cron:cron_1 Runat 2017-06-01 09:36:37 Use 0.000195 s

[ 2017-06-01T09:36:40+08:00 ] /admin/msgonline/.html | ERR: Cron:cron_1 Runat 2017-06-01 09:36:40 Use 0.000326 s

[ 2017-06-01T09:46:28+08:00 ] /Admin/index/index | ERR: Cron:cron_1 Runat 2017-06-01 09:46:28 Use 0.000316 s

[ 2017-06-01T09:47:16+08:00 ] /admin/global/feesetting.html | ERR: Cron:cron_1 Runat 2017-06-01 09:47:16 Use 0.000302 s

[ 2017-06-01T09:47:20+08:00 ] /admin/loginonline/.html | ERR: Cron:cron_1 Runat 2017-06-01 09:47:20 Use 0.000158 s

[ 2017-06-01T12:50:15+08:00 ] /Admin/index/index | ERR: Cron:cron_1 Runat 2017-06-01 12:50:15 Use 0.000431 s

[ 2017-06-01T12:56:10+08:00 ] /admin/global/feesetting.html | ERR: Cron:cron_1 Runat 2017-06-01 12:56:10 Use 0.000325 s

[ 2017-06-01T12:56:12+08:00 ] /admin/msgonline/.html | ERR: Cron:cron_1 Runat 2017-06-01 12:56:12 Use 0.000190 s

[ 2017-06-01T14:11:25+08:00 ] /admin/msgonline/detail/.html | ERR: Cron:cron_1 Runat 2017-06-01 14:11:25 Use 0.000266 s

[ 2017-06-01T14:11:31+08:00 ] /admin/msgonline/detail/.html | ERR: Cron:cron_1 Runat 2017-06-01 14:11:31 Use 0.000180 s

[ 2017-06-01T14:11:33+08:00 ] /admin/msgonline/emaillog/.html | ERR: Cron:cron_1 Runat 2017-06-01 14:11:33 Use 0.000170 s

[ 2017-06-01T14:11:36+08:00 ] /admin/msgonline/templet/.html | ERR: Cron:cron_1 Runat 2017-06-01 14:11:36 Use 0.000172 s

[ 2017-06-01T14:16:16+08:00 ] /admin/msgonline/.html | ERR: Cron:cron_1 Runat 2017-06-01 14:16:16 Use 0.000461 s

[ 2017-06-01T14:16:22+08:00 ] /admin/msgonline/templet/.html | ERR: Cron:cron_1 Runat 2017-06-01 14:16:22 Use 0.000222 s

[ 2017-06-01T14:16:27+08:00 ] /admin/global/feesetting.html | ERR: Cron:cron_1 Runat 2017-06-01 14:16:27 Use 0.000162 s

[ 2017-06-01T14:16:37+08:00 ] /admin/hetong/index.html | ERR: Cron:cron_1 Runat 2017-06-01 14:16:37 Use 0.000188 s

[ 2017-06-01T14:16:40+08:00 ] /admin/global/feesetting.html | ERR: Cron:cron_1 Runat 2017-06-01 14:16:40 Use 0.000222 s

[ 2017-06-01T14:16:45+08:00 ] /admin/payonline/.html | ERR: Cron:cron_1 Runat 2017-06-01 14:16:45 Use 0.000170 s

[ 2017-06-01T14:16:54+08:00 ] /admin/wappay/.html | ERR: Cron:cron_1 Runat 2017-06-01 14:16:54 Use 0.000173 s

[ 2017-06-01T14:17:04+08:00 ] /admin/payoffline/.html | ERR: Cron:cron_1 Runat 2017-06-01 14:17:04 Use 0.000165 s

[ 2017-06-01T14:17:14+08:00 ] /admin/loginonline/.html | ERR: Cron:cron_1 Runat 2017-06-01 14:17:14 Use 0.000172 s

[ 2017-06-01T14:17:15+08:00 ] /admin/payoffline/.html | ERR: Cron:cron_1 Runat 2017-06-01 14:17:15 Use 0.000199 s

[ 2017-06-01T14:17:23+08:00 ] /admin/msgonline/.html | ERR: Cron:cron_1 Runat 2017-06-01 14:17:23 Use 0.000165 s

[ 2017-06-01T14:17:29+08:00 ] /admin/msgonline/detail/.html | ERR: Cron:cron_1 Runat 2017-06-01 14:17:29 Use 0.000166 s

[ 2017-06-01T14:17:32+08:00 ] /admin/msgonline/emaillog/.html | ERR: Cron:cron_1 Runat 2017-06-01 14:17:32 Use 0.000156 s

[ 2017-06-01T14:17:34+08:00 ] /admin/msgonline/templet/.html | ERR: Cron:cron_1 Runat 2017-06-01 14:17:34 Use 0.000302 s

[ 2017-06-01T14:18:09+08:00 ] /admin/msgonline/.html | ERR: Cron:cron_1 Runat 2017-06-01 14:18:09 Use 0.000253 s

[ 2017-06-01T14:30:54+08:00 ] /admin/crowdfunding/index.html | ERR: Cron:cron_1 Runat 2017-06-01 14:30:54 Use 0.000244 s

[ 2017-06-01T14:36:14+08:00 ] /admin/global/feesetting.html | ERR: Cron:cron_1 Runat 2017-06-01 14:36:14 Use 0.000364 s

[ 2017-06-01T14:36:15+08:00 ] /admin/msgonline/.html | ERR: Cron:cron_1 Runat 2017-06-01 14:36:15 Use 0.000193 s

[ 2017-06-01T14:45:04+08:00 ] /admin/msgonline/templet/.html | ERR: Cron:cron_1 Runat 2017-06-01 14:45:04 Use 0.000192 s

[ 2017-06-01T14:59:13+08:00 ] /Admin/index/index | ERR: Cron:cron_1 Runat 2017-06-01 14:59:13 Use 0.000219 s

[ 2017-06-01T14:59:22+08:00 ] /admin/global/feesetting.html | ERR: Cron:cron_1 Runat 2017-06-01 14:59:22 Use 0.000191 s

[ 2017-06-01T14:59:24+08:00 ] /admin/msgonline/templet/.html | ERR: Cron:cron_1 Runat 2017-06-01 14:59:24 Use 0.000260 s

[ 2017-06-01T15:04:20+08:00 ] /Admin/index/index | ERR: Cron:cron_1 Runat 2017-06-01 15:04:20 Use 0.000359 s

[ 2017-06-01T15:04:20+08:00 ] /admin/welcome/index.html | ERR: Cron:cron_1 Runat 2017-06-01 15:04:20 Use 0.000161 s

[ 2017-06-01T15:08:01+08:00 ] /admin/crowdfunding/index.html | ERR: Cron:cron_1 Runat 2017-06-01 15:08:01 Use 0.000171 s

[ 2017-06-01T15:29:13+08:00 ] /admin/global/feesetting.html | ERR: Cron:cron_1 Runat 2017-06-01 15:29:13 Use 0.000190 s

[ 2017-06-01T15:29:15+08:00 ] /admin/msgonline/templet/.html | ERR: Cron:cron_1 Runat 2017-06-01 15:29:15 Use 0.000172 s

[ 2017-06-01T15:31:27+08:00 ] /Admin/index/index | ERR: Cron:cron_1 Runat 2017-06-01 15:31:27 Use 0.000166 s

[ 2017-06-01T15:31:28+08:00 ] /admin/welcome/index.html | ERR: Cron:cron_1 Runat 2017-06-01 15:31:28 Use 0.000196 s

[ 2017-06-01T15:31:50+08:00 ] /admin/global/feesetting.html | ERR: Cron:cron_1 Runat 2017-06-01 15:31:50 Use 0.000185 s

[ 2017-06-01T15:31:52+08:00 ] /admin/msgonline/templet/.html | ERR: Cron:cron_1 Runat 2017-06-01 15:31:52 Use 0.000213 s

[ 2017-06-01T16:27:16+08:00 ] /admin/crowdfunding/index.html | ERR: Cron:cron_1 Runat 2017-06-01 16:27:16 Use 0.000226 s

[ 2017-06-01T16:27:18+08:00 ] /admin/global/websetting.html | ERR: Cron:cron_1 Runat 2017-06-01 16:27:18 Use 0.000158 s

[ 2017-06-01T16:27:19+08:00 ] /admin/global/feesetting.html | ERR: Cron:cron_1 Runat 2017-06-01 16:27:19 Use 0.000192 s

[ 2017-06-01T16:27:21+08:00 ] /admin/global/websetting.html | ERR: Cron:cron_1 Runat 2017-06-01 16:27:21 Use 0.000187 s

[ 2017-06-01T16:27:39+08:00 ] /admin/members/index.html | ERR: Cron:cron_1 Runat 2017-06-01 16:27:39 Use 0.000206 s

