[ 2017-05-27T09:00:53+08:00 ] /admin/members/index.html | ERR: Cron:cron_1 Runat 2017-05-27 09:00:53 Use 0.000226 s

[ 2017-05-27T09:00:57+08:00 ] /Admin/members/edit?id=1 | ERR: Cron:cron_1 Runat 2017-05-27 09:00:57 Use 0.000198 s

[ 2017-05-27T09:02:38+08:00 ] /admin/crowdfunding/index.html | ERR: Cron:cron_1 Runat 2017-05-27 09:02:38 Use 0.000198 s

[ 2017-05-27T09:16:59+08:00 ] /admin/capitalAccount/index.html | ERR: Cron:cron_1 Runat 2017-05-27 09:16:59 Use 0.000147 s

[ 2017-05-27T09:31:49+08:00 ] /admin/crowdfunding/index.html | ERR: Cron:cron_1 Runat 2017-05-27 09:31:49 Use 0.000196 s

[ 2017-05-27T09:53:57+08:00 ] /admin/capitalAccount/index.html | ERR: Cron:cron_1 Runat 2017-05-27 09:53:57 Use 0.000156 s

[ 2017-05-27T09:54:00+08:00 ] /Admin/members/moneyedit?id=1&_=1495850040273 | ERR: Cron:cron_1 Runat 2017-05-27 09:54:00 Use 0.000196 s

[ 2017-05-27T09:54:10+08:00 ] /Admin/members/doMoneyEdit | ERR: Cron:cron_1 Runat 2017-05-27 09:54:10 Use 0.000163 s

[ 2017-05-27T09:54:12+08:00 ] /Admin/members/index?1=1& | ERR: Cron:cron_1 Runat 2017-05-27 09:54:12 Use 0.000166 s

[ 2017-05-27T10:01:20+08:00 ] /admin/crowdfunding/index.html | ERR: Cron:cron_1 Runat 2017-05-27 10:01:20 Use 0.000187 s

[ 2017-05-27T10:22:22+08:00 ] /crowdinvest/1.html | ERR: Cron:cron_1 Runat 2017-05-27 10:22:22 Use 0.000239 s

[ 2017-05-27T10:22:23+08:00 ] /crowdinvest/investRecord?crowd_id=1&p=1 | ERR: Cron:cron_1 Runat 2017-05-27 10:22:23 Use 0.000170 s

[ 2017-05-27T10:22:50+08:00 ] /crowdinvest/investmoney | ERR: Cron:cron_1 Runat 2017-05-27 10:22:50 Use 0.000219 s

[ 2017-05-27T10:22:51+08:00 ] /crowdinvest/1.html | ERR: Cron:cron_1 Runat 2017-05-27 10:22:51 Use 0.000214 s

[ 2017-05-27T10:22:52+08:00 ] /crowdinvest/investRecord?crowd_id=1&p=1 | ERR: Cron:cron_1 Runat 2017-05-27 10:22:52 Use 0.000238 s

[ 2017-05-27T10:23:00+08:00 ] /admin/crowdfunding/sell.html | ERR: Cron:cron_1 Runat 2017-05-27 10:23:00 Use 0.000360 s

[ 2017-05-27T10:23:10+08:00 ] /Admin/crowdfunding/edit?id=1 | ERR: Cron:cron_1 Runat 2017-05-27 10:23:10 Use 0.000219 s

[ 2017-05-27T10:24:10+08:00 ] /admin/crowdfunding/fully.html | ERR: Cron:cron_1 Runat 2017-05-27 10:24:10 Use 0.000246 s

[ 2017-05-27T10:24:11+08:00 ] /admin/crowdfunding/repayment.html | ERR: Cron:cron_1 Runat 2017-05-27 10:24:11 Use 0.000192 s

[ 2017-05-27T10:24:12+08:00 ] /admin/crowdfunding/complete.html | ERR: Cron:cron_1 Runat 2017-05-27 10:24:12 Use 0.000181 s

[ 2017-05-27T10:24:13+08:00 ] /admin/crowdfunding/fully.html | ERR: Cron:cron_1 Runat 2017-05-27 10:24:13 Use 0.000190 s

[ 2017-05-27T10:24:14+08:00 ] /admin/crowdfunding/sell.html | ERR: Cron:cron_1 Runat 2017-05-27 10:24:14 Use 0.000236 s

[ 2017-05-27T10:24:24+08:00 ] /Admin/crowdfunding/edit?id=1 | ERR: Cron:cron_1 Runat 2017-05-27 10:24:24 Use 0.000174 s

[ 2017-05-27T10:24:31+08:00 ] /Admin/crowdfunding/doedit | ERR: Cron:cron_1 Runat 2017-05-27 10:24:31 Use 0.000190 s

[ 2017-05-27T10:24:32+08:00 ] /Admin/crowdfunding/sell | ERR: Cron:cron_1 Runat 2017-05-27 10:24:32 Use 0.000198 s

[ 2017-05-27T10:24:44+08:00 ] /crowdinvest/1.html | ERR: Cron:cron_1 Runat 2017-05-27 10:24:44 Use 0.000161 s

[ 2017-05-27T10:24:44+08:00 ] /crowdinvest/investRecord?crowd_id=1&p=1 | ERR: Cron:cron_1 Runat 2017-05-27 10:24:44 Use 0.000171 s

[ 2017-05-27T10:25:00+08:00 ] /Admin/crowdfunding/edit?id=1 | ERR: Cron:cron_1 Runat 2017-05-27 10:25:00 Use 0.000156 s

[ 2017-05-27T10:25:08+08:00 ] /Admin/crowdfunding/doedit | ERR: Cron:cron_1 Runat 2017-05-27 10:25:08 Use 0.000281 s

[ 2017-05-27T10:25:09+08:00 ] /Admin/crowdfunding/sell | ERR: Cron:cron_1 Runat 2017-05-27 10:25:09 Use 0.000151 s

[ 2017-05-27T10:25:13+08:00 ] /crowdinvest/1.html | ERR: Cron:cron_1 Runat 2017-05-27 10:25:13 Use 0.000177 s

[ 2017-05-27T10:25:14+08:00 ] /crowdinvest/investRecord?crowd_id=1&p=1 | ERR: Cron:cron_1 Runat 2017-05-27 10:25:14 Use 0.000174 s

[ 2017-05-27T10:25:30+08:00 ] /crowdinvest/.html | ERR: Cron:cron_1 Runat 2017-05-27 10:25:30 Use 0.000188 s

[ 2017-05-27T10:25:32+08:00 ] /crowdinvest/.html?_=1495851931414 | ERR: Cron:cron_1 Runat 2017-05-27 10:25:32 Use 0.000220 s

[ 2017-05-27T10:25:36+08:00 ] /Admin/crowdfunding/edit?id=1 | ERR: Cron:cron_1 Runat 2017-05-27 10:25:36 Use 0.000201 s

[ 2017-05-27T10:25:43+08:00 ] /admin/crowdfunding/fully.html | ERR: Cron:cron_1 Runat 2017-05-27 10:25:43 Use 0.000171 s

[ 2017-05-27T10:25:45+08:00 ] /admin/crowdfunding/sell.html | ERR: Cron:cron_1 Runat 2017-05-27 10:25:45 Use 0.000203 s

[ 2017-05-27T10:25:46+08:00 ] /admin/crowdfunding/index.html | ERR: Cron:cron_1 Runat 2017-05-27 10:25:46 Use 0.000177 s

[ 2017-05-27T10:25:49+08:00 ] /admin/crowdfunding/sell.html | ERR: Cron:cron_1 Runat 2017-05-27 10:25:49 Use 0.000165 s

[ 2017-05-27T10:25:52+08:00 ] /admin/crowdfunding/fully.html | ERR: Cron:cron_1 Runat 2017-05-27 10:25:52 Use 0.000235 s

[ 2017-05-27T10:25:53+08:00 ] /admin/crowdfunding/repayment.html | ERR: Cron:cron_1 Runat 2017-05-27 10:25:53 Use 0.000163 s

[ 2017-05-27T10:25:54+08:00 ] /admin/crowdfunding/complete.html | ERR: Cron:cron_1 Runat 2017-05-27 10:25:54 Use 0.000170 s

[ 2017-05-27T10:25:55+08:00 ] /admin/crowdfunding/fail.html | ERR: Cron:cron_1 Runat 2017-05-27 10:25:55 Use 0.000387 s

[ 2017-05-27T10:25:56+08:00 ] /admin/crowdfunding/withdraw.html | ERR: Cron:cron_1 Runat 2017-05-27 10:25:56 Use 0.000163 s

[ 2017-05-27T10:25:57+08:00 ] /admin/crowdfunding/fail.html | ERR: Cron:cron_1 Runat 2017-05-27 10:25:57 Use 0.000357 s

[ 2017-05-27T10:26:03+08:00 ] /admin/crowdfunding/withdraw.html | ERR: Cron:cron_1 Runat 2017-05-27 10:26:03 Use 0.000161 s

[ 2017-05-27T10:26:04+08:00 ] /admin/crowdfunding/fail.html | ERR: Cron:cron_1 Runat 2017-05-27 10:26:04 Use 0.000169 s

