[ 2017-04-28T14:33:17+08:00 ] 127.0.0.1 /index.php/conist
INFO: [ app_init ] --START--
INFO: Run Behavior\BuildLiteBehavior [ RunTime:0.000022s ]
INFO: [ app_init ] --END-- [ RunTime:0.001028s ]
INFO: [ app_begin ] --START--
INFO: Run Behavior\ReadHtmlCacheBehavior [ RunTime:0.000987s ]
INFO: [ app_begin ] --END-- [ RunTime:0.001189s ]

[ 2017-04-28T14:33:17+08:00 ] 127.0.0.1 /index.php/conist/Public/index
INFO: [ app_init ] --START--
INFO: Run Behavior\BuildLiteBehavior [ RunTime:0.000020s ]
INFO: [ app_init ] --END-- [ RunTime:0.000309s ]
INFO: [ app_begin ] --START--
INFO: Run Behavior\ReadHtmlCacheBehavior [ RunTime:0.000906s ]
INFO: [ app_begin ] --END-- [ RunTime:0.001039s ]
INFO: [ view_parse ] --START--
INFO: [ template_filter ] --START--
INFO: Run Behavior\ContentReplaceBehavior [ RunTime:0.000077s ]
INFO: [ template_filter ] --END-- [ RunTime:0.000176s ]
INFO: Run Behavior\ParseTemplateBehavior [ RunTime:0.098631s ]
INFO: [ view_parse ] --END-- [ RunTime:0.098739s ]
INFO: [ view_filter ] --START--
INFO: Run Behavior\WriteHtmlCacheBehavior [ RunTime:0.000612s ]
INFO: Run Behavior\TokenBuildBehavior [ RunTime:0.001401s ]
INFO: [ view_filter ] --END-- [ RunTime:0.002245s ]
INFO: [ app_end ] --START--
INFO: Run Behavior\ShowPageTraceBehavior [ RunTime:0.001471s ]
INFO: [ app_end ] --END-- [ RunTime:0.001590s ]

[ 2017-04-28T14:33:17+08:00 ] 127.0.0.1 /index.php/conist/Public/verify_code
INFO: [ app_init ] --START--
INFO: Run Behavior\BuildLiteBehavior [ RunTime:0.000022s ]
INFO: [ app_init ] --END-- [ RunTime:0.000376s ]
INFO: [ app_begin ] --START--
INFO: Run Behavior\ReadHtmlCacheBehavior [ RunTime:0.000550s ]
INFO: [ app_begin ] --END-- [ RunTime:0.000706s ]
INFO: [ app_end ] --START--
INFO: Run Behavior\ShowPageTraceBehavior [ RunTime:0.000512s ]
INFO: [ app_end ] --END-- [ RunTime:0.000622s ]

[ 2017-04-28T14:33:30+08:00 ] 127.0.0.1 /index.php/conist/Public/index
INFO: [ app_init ] --START--
INFO: Run Behavior\BuildLiteBehavior [ RunTime:0.000019s ]
INFO: [ app_init ] --END-- [ RunTime:0.000348s ]
INFO: [ app_begin ] --START--
INFO: Run Behavior\ReadHtmlCacheBehavior [ RunTime:0.000472s ]
INFO: [ app_begin ] --END-- [ RunTime:0.000565s ]
NOTIC: [8192] mysql_connect(): The mysql extension is deprecated and will be removed in the future: use mysqli or PDO instead E:\wamp64\www\Tprbac\ThinkPHP\Library\Think\Db\Driver\Mysql.class.php 第 52 行.
SQL: SHOW COLUMNS FROM `pa_admin` [ RunTime:0.003892s ]
SQL: SHOW COLUMNS FROM `pa_admin` [ RunTime:0.000442s ]
SQL: SELECT COUNT(*) AS tp_count FROM `pa_admin` WHERE ( `email`='1@1.com' ) LIMIT 1   [ RunTime:0.006752s ]
SQL: SELECT * FROM `pa_admin` WHERE ( `email`='1@1.com' ) LIMIT 1   [ RunTime:0.000210s ]
INFO: [ app_end ] --START--
INFO: Run Behavior\ShowPageTraceBehavior [ RunTime:0.000623s ]
INFO: [ app_end ] --END-- [ RunTime:0.000748s ]

[ 2017-04-28T14:33:33+08:00 ] 127.0.0.1 /index.php/conist/Public/verify_code?rand=0.5213127093677913
INFO: [ app_init ] --START--
INFO: Run Behavior\BuildLiteBehavior [ RunTime:0.000023s ]
INFO: [ app_init ] --END-- [ RunTime:0.000372s ]
INFO: [ app_begin ] --START--
INFO: Run Behavior\ReadHtmlCacheBehavior [ RunTime:0.000467s ]
INFO: [ app_begin ] --END-- [ RunTime:0.000584s ]
INFO: [ app_end ] --START--
INFO: Run Behavior\ShowPageTraceBehavior [ RunTime:0.000524s ]
INFO: [ app_end ] --END-- [ RunTime:0.000648s ]

[ 2017-04-28T14:33:37+08:00 ] 127.0.0.1 /index.php/conist/Public/index
INFO: [ app_init ] --START--
INFO: Run Behavior\BuildLiteBehavior [ RunTime:0.000021s ]
INFO: [ app_init ] --END-- [ RunTime:0.000331s ]
INFO: [ app_begin ] --START--
INFO: Run Behavior\ReadHtmlCacheBehavior [ RunTime:0.000456s ]
INFO: [ app_begin ] --END-- [ RunTime:0.000549s ]
NOTIC: [8192] mysql_connect(): The mysql extension is deprecated and will be removed in the future: use mysqli or PDO instead E:\wamp64\www\Tprbac\ThinkPHP\Library\Think\Db\Driver\Mysql.class.php 第 52 行.
SQL: SHOW COLUMNS FROM `pa_admin` [ RunTime:0.000912s ]
SQL: SHOW COLUMNS FROM `pa_admin` [ RunTime:0.000565s ]
SQL: SELECT COUNT(*) AS tp_count FROM `pa_admin` WHERE ( `email`='1@1.com' ) LIMIT 1   [ RunTime:0.000154s ]
SQL: SELECT * FROM `pa_admin` WHERE ( `email`='1@1.com' ) LIMIT 1   [ RunTime:0.000118s ]
INFO: [ app_end ] --START--
INFO: Run Behavior\ShowPageTraceBehavior [ RunTime:0.000437s ]
INFO: [ app_end ] --END-- [ RunTime:0.000530s ]

[ 2017-04-28T14:33:48+08:00 ] 127.0.0.1 /index.php/conist/Public/verify_code?rand=0.5213127093677913?rand=0.022667037359509035
INFO: [ app_init ] --START--
INFO: Run Behavior\BuildLiteBehavior [ RunTime:0.000027s ]
INFO: [ app_init ] --END-- [ RunTime:0.000392s ]
INFO: [ app_begin ] --START--
INFO: Run Behavior\ReadHtmlCacheBehavior [ RunTime:0.000474s ]
INFO: [ app_begin ] --END-- [ RunTime:0.000595s ]
INFO: [ app_end ] --START--
INFO: Run Behavior\ShowPageTraceBehavior [ RunTime:0.000577s ]
INFO: [ app_end ] --END-- [ RunTime:0.000712s ]

[ 2017-04-28T14:33:52+08:00 ] 127.0.0.1 /index.php/conist/Public/verify_code?rand=0.5213127093677913?rand=0.022667037359509035?rand=0.5822212905327593
INFO: [ app_init ] --START--
INFO: Run Behavior\BuildLiteBehavior [ RunTime:0.000022s ]
INFO: [ app_init ] --END-- [ RunTime:0.000368s ]
INFO: [ app_begin ] --START--
INFO: Run Behavior\ReadHtmlCacheBehavior [ RunTime:0.000489s ]
INFO: [ app_begin ] --END-- [ RunTime:0.000609s ]
INFO: [ app_end ] --START--
INFO: Run Behavior\ShowPageTraceBehavior [ RunTime:0.000519s ]
INFO: [ app_end ] --END-- [ RunTime:0.000640s ]

[ 2017-04-28T14:33:57+08:00 ] 127.0.0.1 /index.php/conist/Public/index
INFO: [ app_init ] --START--
INFO: Run Behavior\BuildLiteBehavior [ RunTime:0.000019s ]
INFO: [ app_init ] --END-- [ RunTime:0.000379s ]
INFO: [ app_begin ] --START--
INFO: Run Behavior\ReadHtmlCacheBehavior [ RunTime:0.000462s ]
INFO: [ app_begin ] --END-- [ RunTime:0.000558s ]
NOTIC: [8192] mysql_connect(): The mysql extension is deprecated and will be removed in the future: use mysqli or PDO instead E:\wamp64\www\Tprbac\ThinkPHP\Library\Think\Db\Driver\Mysql.class.php 第 52 行.
SQL: SHOW COLUMNS FROM `pa_admin` [ RunTime:0.000586s ]
SQL: SHOW COLUMNS FROM `pa_admin` [ RunTime:0.000598s ]
SQL: SELECT COUNT(*) AS tp_count FROM `pa_admin` WHERE ( `email`='1@1.con' ) LIMIT 1   [ RunTime:0.000243s ]
INFO: [ app_end ] --START--
INFO: Run Behavior\ShowPageTraceBehavior [ RunTime:0.000583s ]
INFO: [ app_end ] --END-- [ RunTime:0.000675s ]

[ 2017-04-28T14:34:09+08:00 ] 127.0.0.1 /index.php/conist/Public/index
INFO: [ app_init ] --START--
INFO: Run Behavior\BuildLiteBehavior [ RunTime:0.000024s ]
INFO: [ app_init ] --END-- [ RunTime:0.000383s ]
INFO: [ app_begin ] --START--
INFO: Run Behavior\ReadHtmlCacheBehavior [ RunTime:0.000557s ]
INFO: [ app_begin ] --END-- [ RunTime:0.000694s ]
INFO: [ view_parse ] --START--
INFO: [ template_filter ] --START--
INFO: Run Behavior\ContentReplaceBehavior [ RunTime:0.000080s ]
INFO: [ template_filter ] --END-- [ RunTime:0.000174s ]
INFO: Run Behavior\ParseTemplateBehavior [ RunTime:0.005908s ]
INFO: [ view_parse ] --END-- [ RunTime:0.006012s ]
INFO: [ view_filter ] --START--
INFO: Run Behavior\WriteHtmlCacheBehavior [ RunTime:0.000218s ]
INFO: Run Behavior\TokenBuildBehavior [ RunTime:0.000285s ]
INFO: [ view_filter ] --END-- [ RunTime:0.000640s ]
INFO: [ app_end ] --START--
INFO: Run Behavior\ShowPageTraceBehavior [ RunTime:0.000398s ]
INFO: [ app_end ] --END-- [ RunTime:0.000489s ]

[ 2017-04-28T14:34:09+08:00 ] 127.0.0.1 /index.php/conist/Public/verify_code
INFO: [ app_init ] --START--
INFO: Run Behavior\BuildLiteBehavior [ RunTime:0.000021s ]
INFO: [ app_init ] --END-- [ RunTime:0.000322s ]
INFO: [ app_begin ] --START--
INFO: Run Behavior\ReadHtmlCacheBehavior [ RunTime:0.000474s ]
INFO: [ app_begin ] --END-- [ RunTime:0.000587s ]
INFO: [ app_end ] --START--
INFO: Run Behavior\ShowPageTraceBehavior [ RunTime:0.000563s ]
INFO: [ app_end ] --END-- [ RunTime:0.000691s ]

[ 2017-04-28T14:34:21+08:00 ] 127.0.0.1 /index.php/conist/Public/index
INFO: [ app_init ] --START--
INFO: Run Behavior\BuildLiteBehavior [ RunTime:0.000020s ]
INFO: [ app_init ] --END-- [ RunTime:0.000318s ]
INFO: [ app_begin ] --START--
INFO: Run Behavior\ReadHtmlCacheBehavior [ RunTime:0.000585s ]
INFO: [ app_begin ] --END-- [ RunTime:0.000826s ]
NOTIC: [8192] mysql_connect(): The mysql extension is deprecated and will be removed in the future: use mysqli or PDO instead E:\wamp64\www\Tprbac\ThinkPHP\Library\Think\Db\Driver\Mysql.class.php 第 52 行.
SQL: SHOW COLUMNS FROM `pa_admin` [ RunTime:0.000615s ]
SQL: SHOW COLUMNS FROM `pa_admin` [ RunTime:0.000475s ]
SQL: SELECT COUNT(*) AS tp_count FROM `pa_admin` WHERE ( `email`='1@1.com' ) LIMIT 1   [ RunTime:0.000258s ]
SQL: SELECT * FROM `pa_admin` WHERE ( `email`='1@1.com' ) LIMIT 1   [ RunTime:0.000264s ]
SQL: SELECT * FROM `pa_admin` WHERE ( `email` = '1@1.com' ) LIMIT 1   [ RunTime:0.000340s ]
INFO: [ app_end ] --START--
INFO: Run Behavior\ShowPageTraceBehavior [ RunTime:0.000438s ]
INFO: [ app_end ] --END-- [ RunTime:0.000515s ]

[ 2017-04-28T14:34:23+08:00 ] 127.0.0.1 /index.php/conist/Index/index
INFO: [ app_init ] --START--
INFO: Run Behavior\BuildLiteBehavior [ RunTime:0.000037s ]
INFO: [ app_init ] --END-- [ RunTime:0.000626s ]
INFO: [ app_begin ] --START--
INFO: Run Behavior\ReadHtmlCacheBehavior [ RunTime:0.000748s ]
INFO: [ app_begin ] --END-- [ RunTime:0.000934s ]
NOTIC: [8192] mysql_connect(): The mysql extension is deprecated and will be removed in the future: use mysqli or PDO instead E:\wamp64\www\Tprbac\ThinkPHP\Library\Think\Db\Driver\Mysql.class.php 第 52 行.
SQL: SHOW COLUMNS FROM `pa_model` [ RunTime:0.001744s ]
SQL: SELECT `tbl_name`,`menu_name` FROM `pa_model` WHERE ( is_inner=0 )  [ RunTime:0.000239s ]
NOTIC: [2] Invalid argument supplied for foreach() E:\wamp64\www\Tprbac\Application\Admin\Controller\CommonController.class.php 第 122 行.
INFO: [ view_parse ] --START--
INFO: [ template_filter ] --START--
INFO: Run Behavior\ContentReplaceBehavior [ RunTime:0.000093s ]
INFO: [ template_filter ] --END-- [ RunTime:0.000193s ]
NOTIC: [8] Undefined variable: caches E:\wamp64\www\Tprbac\Application\Runtime\Cache\Admin\b595b808c2ebeeeb0478ffc30bb4e87a.php 第 50 行.
INFO: Run Behavior\ParseTemplateBehavior [ RunTime:0.039006s ]
INFO: [ view_parse ] --END-- [ RunTime:0.039144s ]
INFO: [ view_filter ] --START--
INFO: Run Behavior\WriteHtmlCacheBehavior [ RunTime:0.000236s ]
INFO: Run Behavior\TokenBuildBehavior [ RunTime:0.000391s ]
INFO: [ view_filter ] --END-- [ RunTime:0.000769s ]
INFO: [ app_end ] --START--
INFO: Run Behavior\ShowPageTraceBehavior [ RunTime:0.000437s ]
INFO: [ app_end ] --END-- [ RunTime:0.000530s ]

[ 2017-04-28T14:34:24+08:00 ] 127.0.0.1 /index.php/conist/SysData/backup
INFO: [ app_init ] --START--
INFO: Run Behavior\BuildLiteBehavior [ RunTime:0.000021s ]
INFO: [ app_init ] --END-- [ RunTime:0.000362s ]
INFO: [ app_begin ] --START--
INFO: Run Behavior\ReadHtmlCacheBehavior [ RunTime:0.000452s ]
INFO: [ app_begin ] --END-- [ RunTime:0.000595s ]
NOTIC: [8192] mysql_connect(): The mysql extension is deprecated and will be removed in the future: use mysqli or PDO instead E:\wamp64\www\Tprbac\ThinkPHP\Library\Think\Db\Driver\Mysql.class.php 第 52 行.
SQL: SHOW COLUMNS FROM `pa_model` [ RunTime:0.001137s ]
SQL: SELECT `tbl_name`,`menu_name` FROM `pa_model` WHERE ( is_inner=0 )  [ RunTime:0.000229s ]
NOTIC: [2] Invalid argument supplied for foreach() E:\wamp64\www\Tprbac\Application\Admin\Controller\CommonController.class.php 第 122 行.
SQL: SHOW COLUMNS FROM `pa_admin` [ RunTime:0.000804s ]
SQL: SHOW TABLE STATUS [ RunTime:0.034639s ]
SQL: SET SQL_QUOTE_SHOW_CREATE = 1 [ RunTime:0.000087s ]
NOTIC: [2] mysql_num_rows() expects parameter 1 to be resource, boolean given E:\wamp64\www\Tprbac\ThinkPHP\Library\Think\Db\Driver\Mysql.class.php 第 106 行.
NOTIC: [2] mysql_free_result() expects parameter 1 to be resource, boolean given E:\wamp64\www\Tprbac\ThinkPHP\Library\Think\Db\Driver\Mysql.class.php 第 77 行.
SQL: SHOW CREATE TABLE pa_access [ RunTime:0.000089s ]
SQL: SHOW CREATE TABLE pa_ad [ RunTime:0.000070s ]
SQL: SHOW CREATE TABLE pa_admin [ RunTime:0.000116s ]
SQL: SHOW CREATE TABLE pa_category [ RunTime:0.000078s ]
SQL: SHOW CREATE TABLE pa_field [ RunTime:0.000170s ]
SQL: SHOW CREATE TABLE pa_images [ RunTime:0.000068s ]
SQL: SHOW CREATE TABLE pa_input [ RunTime:0.000106s ]
SQL: SHOW CREATE TABLE pa_link [ RunTime:0.000182s ]
SQL: SHOW CREATE TABLE pa_member [ RunTime:0.000133s ]
SQL: SHOW CREATE TABLE pa_message [ RunTime:0.000111s ]
SQL: SHOW CREATE TABLE pa_model [ RunTime:0.000117s ]
SQL: SHOW CREATE TABLE pa_nav [ RunTime:0.000087s ]
SQL: SHOW CREATE TABLE pa_news [ RunTime:0.000075s ]
SQL: SHOW CREATE TABLE pa_node [ RunTime:0.000068s ]
SQL: SHOW CREATE TABLE pa_page [ RunTime:0.000069s ]
SQL: SHOW CREATE TABLE pa_product [ RunTime:0.000073s ]
SQL: SHOW CREATE TABLE pa_role [ RunTime:0.000063s ]
SQL: SHOW CREATE TABLE pa_role_user [ RunTime:0.000091s ]
SQL: SHOW CREATE TABLE pa_tag [ RunTime:0.000065s ]
SQL: SHOW TABLE STATUS LIKE 'pa_access' [ RunTime:0.000340s ]
SQL: SELECT * FROM pa_access LIMIT 0, 10000 [ RunTime:0.000303s ]
SQL: SHOW TABLE STATUS LIKE 'pa_ad' [ RunTime:0.000921s ]
SQL: SELECT * FROM pa_ad LIMIT 0, 10000 [ RunTime:0.000213s ]
SQL: SHOW TABLE STATUS LIKE 'pa_admin' [ RunTime:0.000388s ]
SQL: SELECT * FROM pa_admin LIMIT 0, 10000 [ RunTime:0.000161s ]
SQL: SHOW TABLE STATUS LIKE 'pa_category' [ RunTime:0.000343s ]
SQL: SELECT * FROM pa_category LIMIT 0, 10000 [ RunTime:0.000149s ]
SQL: SHOW TABLE STATUS LIKE 'pa_field' [ RunTime:0.000327s ]
SQL: SHOW TABLE STATUS LIKE 'pa_images' [ RunTime:0.000325s ]
SQL: SELECT * FROM pa_images LIMIT 0, 10000 [ RunTime:0.000158s ]
SQL: SHOW TABLE STATUS LIKE 'pa_input' [ RunTime:0.000330s ]
SQL: SHOW TABLE STATUS LIKE 'pa_link' [ RunTime:0.000330s ]
SQL: SHOW TABLE STATUS LIKE 'pa_member' [ RunTime:0.000358s ]
SQL: SHOW TABLE STATUS LIKE 'pa_message' [ RunTime:0.000330s ]
SQL: SHOW TABLE STATUS LIKE 'pa_model' [ RunTime:0.000322s ]
SQL: SHOW TABLE STATUS LIKE 'pa_nav' [ RunTime:0.000327s ]
SQL: SHOW TABLE STATUS LIKE 'pa_news' [ RunTime:0.000329s ]
SQL: SELECT * FROM pa_news LIMIT 0, 10000 [ RunTime:0.000165s ]
SQL: SHOW TABLE STATUS LIKE 'pa_node' [ RunTime:0.000330s ]
SQL: SELECT * FROM pa_node LIMIT 0, 10000 [ RunTime:0.000263s ]
SQL: SHOW TABLE STATUS LIKE 'pa_page' [ RunTime:0.000398s ]
SQL: SHOW TABLE STATUS LIKE 'pa_product' [ RunTime:0.000346s ]
SQL: SELECT * FROM pa_product LIMIT 0, 10000 [ RunTime:0.000186s ]
SQL: SHOW TABLE STATUS LIKE 'pa_role' [ RunTime:0.000615s ]
SQL: SELECT * FROM pa_role LIMIT 0, 10000 [ RunTime:0.000257s ]
SQL: SHOW TABLE STATUS LIKE 'pa_role_user' [ RunTime:0.000458s ]
SQL: SELECT * FROM pa_role_user LIMIT 0, 10000 [ RunTime:0.000115s ]
SQL: SHOW TABLE STATUS LIKE 'pa_tag' [ RunTime:0.000426s ]
SQL: SELECT * FROM pa_tag LIMIT 0, 10000 [ RunTime:0.000122s ]
INFO: [ app_end ] --START--
INFO: Run Behavior\ShowPageTraceBehavior [ RunTime:0.000503s ]
INFO: [ app_end ] --END-- [ RunTime:0.000592s ]

[ 2017-04-28T14:34:26+08:00 ] 127.0.0.1 /index.php/conist/SysData/index
INFO: [ app_init ] --START--
INFO: Run Behavior\BuildLiteBehavior [ RunTime:0.000023s ]
INFO: [ app_init ] --END-- [ RunTime:0.000369s ]
INFO: [ app_begin ] --START--
INFO: Run Behavior\ReadHtmlCacheBehavior [ RunTime:0.000415s ]
INFO: [ app_begin ] --END-- [ RunTime:0.000539s ]
NOTIC: [8192] mysql_connect(): The mysql extension is deprecated and will be removed in the future: use mysqli or PDO instead E:\wamp64\www\Tprbac\ThinkPHP\Library\Think\Db\Driver\Mysql.class.php 第 52 行.
SQL: SHOW COLUMNS FROM `pa_model` [ RunTime:0.001090s ]
SQL: SELECT `tbl_name`,`menu_name` FROM `pa_model` WHERE ( is_inner=0 )  [ RunTime:0.000137s ]
NOTIC: [2] Invalid argument supplied for foreach() E:\wamp64\www\Tprbac\Application\Admin\Controller\CommonController.class.php 第 122 行.
SQL: SHOW TABLE STATUS [ RunTime:0.002677s ]
INFO: [ view_parse ] --START--
INFO: [ template_filter ] --START--
INFO: Run Behavior\ContentReplaceBehavior [ RunTime:0.000142s ]
INFO: [ template_filter ] --END-- [ RunTime:0.000292s ]
INFO: Run Behavior\ParseTemplateBehavior [ RunTime:0.061281s ]
INFO: [ view_parse ] --END-- [ RunTime:0.061384s ]
INFO: [ view_filter ] --START--
INFO: Run Behavior\WriteHtmlCacheBehavior [ RunTime:0.000228s ]
INFO: Run Behavior\TokenBuildBehavior [ RunTime:0.000291s ]
INFO: [ view_filter ] --END-- [ RunTime:0.000657s ]
INFO: [ app_end ] --START--
INFO: Run Behavior\ShowPageTraceBehavior [ RunTime:0.000491s ]
INFO: [ app_end ] --END-- [ RunTime:0.000586s ]

[ 2017-04-28T14:34:27+08:00 ] 127.0.0.1 /index.php/conist/Access/index
INFO: [ app_init ] --START--
INFO: Run Behavior\BuildLiteBehavior [ RunTime:0.000026s ]
INFO: [ app_init ] --END-- [ RunTime:0.000391s ]
INFO: [ app_begin ] --START--
INFO: Run Behavior\ReadHtmlCacheBehavior [ RunTime:0.000498s ]
INFO: [ app_begin ] --END-- [ RunTime:0.000622s ]
NOTIC: [8192] mysql_connect(): The mysql extension is deprecated and will be removed in the future: use mysqli or PDO instead E:\wamp64\www\Tprbac\ThinkPHP\Library\Think\Db\Driver\Mysql.class.php 第 52 行.
SQL: SHOW COLUMNS FROM `pa_model` [ RunTime:0.001059s ]
SQL: SELECT `tbl_name`,`menu_name` FROM `pa_model` WHERE ( is_inner=0 )  [ RunTime:0.000154s ]
NOTIC: [2] Invalid argument supplied for foreach() E:\wamp64\www\Tprbac\Application\Admin\Controller\CommonController.class.php 第 122 行.
SQL: SHOW COLUMNS FROM `pa_access` [ RunTime:0.000853s ]
SQL: SHOW COLUMNS FROM `pa_admin` [ RunTime:0.000488s ]
SQL: SELECT * FROM `pa_admin`  [ RunTime:0.000183s ]
INFO: [ view_parse ] --START--
INFO: [ template_filter ] --START--
INFO: Run Behavior\ContentReplaceBehavior [ RunTime:0.000103s ]
INFO: [ template_filter ] --END-- [ RunTime:0.000203s ]
INFO: Run Behavior\ParseTemplateBehavior [ RunTime:0.035788s ]
INFO: [ view_parse ] --END-- [ RunTime:0.035890s ]
INFO: [ view_filter ] --START--
INFO: Run Behavior\WriteHtmlCacheBehavior [ RunTime:0.000234s ]
INFO: Run Behavior\TokenBuildBehavior [ RunTime:0.000282s ]
INFO: [ view_filter ] --END-- [ RunTime:0.000652s ]
INFO: [ app_end ] --START--
INFO: Run Behavior\ShowPageTraceBehavior [ RunTime:0.000477s ]
INFO: [ app_end ] --END-- [ RunTime:0.000739s ]

[ 2017-04-28T15:09:07+08:00 ] 127.0.0.1 /index.php/conist/Access/roleList
INFO: [ app_init ] --START--
INFO: Run Behavior\BuildLiteBehavior [ RunTime:0.000024s ]
INFO: [ app_init ] --END-- [ RunTime:0.000428s ]
INFO: [ app_begin ] --START--
INFO: Run Behavior\ReadHtmlCacheBehavior [ RunTime:0.000703s ]
INFO: [ app_begin ] --END-- [ RunTime:0.000820s ]
NOTIC: [8192] mysql_connect(): The mysql extension is deprecated and will be removed in the future: use mysqli or PDO instead E:\wamp64\www\Tprbac\ThinkPHP\Library\Think\Db\Driver\Mysql.class.php 第 52 行.
SQL: SHOW COLUMNS FROM `pa_model` [ RunTime:0.001154s ]
SQL: SELECT `tbl_name`,`menu_name` FROM `pa_model` WHERE ( is_inner=0 )  [ RunTime:0.000259s ]
NOTIC: [2] Invalid argument supplied for foreach() E:\wamp64\www\Tprbac\Application\Admin\Controller\CommonController.class.php 第 122 行.
SQL: SHOW COLUMNS FROM `pa_access` [ RunTime:0.000668s ]
SQL: SHOW COLUMNS FROM `pa_role` [ RunTime:0.000560s ]
SQL: SELECT * FROM `pa_role`  [ RunTime:0.000285s ]
INFO: [ view_parse ] --START--
INFO: [ template_filter ] --START--
INFO: Run Behavior\ContentReplaceBehavior [ RunTime:0.000126s ]
INFO: [ template_filter ] --END-- [ RunTime:0.000240s ]
INFO: Run Behavior\ParseTemplateBehavior [ RunTime:0.091165s ]
INFO: [ view_parse ] --END-- [ RunTime:0.091284s ]
INFO: [ view_filter ] --START--
INFO: Run Behavior\WriteHtmlCacheBehavior [ RunTime:0.000441s ]
INFO: Run Behavior\TokenBuildBehavior [ RunTime:0.000437s ]
INFO: [ view_filter ] --END-- [ RunTime:0.001047s ]
INFO: [ app_end ] --START--
INFO: Run Behavior\ShowPageTraceBehavior [ RunTime:0.000632s ]
INFO: [ app_end ] --END-- [ RunTime:0.000742s ]

[ 2017-04-28T15:09:13+08:00 ] 127.0.0.1 /index.php/conist/Access/index
INFO: [ app_init ] --START--
INFO: Run Behavior\BuildLiteBehavior [ RunTime:0.000022s ]
INFO: [ app_init ] --END-- [ RunTime:0.000469s ]
INFO: [ app_begin ] --START--
INFO: Run Behavior\ReadHtmlCacheBehavior [ RunTime:0.000562s ]
INFO: [ app_begin ] --END-- [ RunTime:0.000665s ]
NOTIC: [8192] mysql_connect(): The mysql extension is deprecated and will be removed in the future: use mysqli or PDO instead E:\wamp64\www\Tprbac\ThinkPHP\Library\Think\Db\Driver\Mysql.class.php 第 52 行.
SQL: SHOW COLUMNS FROM `pa_model` [ RunTime:0.001145s ]
SQL: SELECT `tbl_name`,`menu_name` FROM `pa_model` WHERE ( is_inner=0 )  [ RunTime:0.000220s ]
NOTIC: [2] Invalid argument supplied for foreach() E:\wamp64\www\Tprbac\Application\Admin\Controller\CommonController.class.php 第 122 行.
SQL: SHOW COLUMNS FROM `pa_access` [ RunTime:0.000614s ]
SQL: SHOW COLUMNS FROM `pa_admin` [ RunTime:0.000503s ]
SQL: SELECT * FROM `pa_admin`  [ RunTime:0.000284s ]
INFO: [ view_parse ] --START--
INFO: [ template_filter ] --START--
INFO: Run Behavior\ContentReplaceBehavior [ RunTime:0.000101s ]
INFO: [ template_filter ] --END-- [ RunTime:0.000199s ]
INFO: Run Behavior\ParseTemplateBehavior [ RunTime:0.036570s ]
INFO: [ view_parse ] --END-- [ RunTime:0.036707s ]
INFO: [ view_filter ] --START--
INFO: Run Behavior\WriteHtmlCacheBehavior [ RunTime:0.000329s ]
INFO: Run Behavior\TokenBuildBehavior [ RunTime:0.000384s ]
INFO: [ view_filter ] --END-- [ RunTime:0.000849s ]
INFO: [ app_end ] --START--
INFO: Run Behavior\ShowPageTraceBehavior [ RunTime:0.000410s ]
INFO: [ app_end ] --END-- [ RunTime:0.000500s ]

