[ 2017-05-16T16:13:32+08:00 ] 127.0.0.1 /R615BzS?1.jpg
INFO: [ app_init ] --START--
INFO: Run Behavior\BuildLiteBehavior [ RunTime:0.000025s ]
INFO: [ app_init ] --END-- [ RunTime:0.010962s ]
INFO: [ app_begin ] --START--
INFO: Run Behavior\ReadHtmlCacheBehavior [ RunTime:0.016835s ]
INFO: Run Behavior\CheckLangBehavior [ RunTime:0.007674s ]
INFO: [ app_begin ] --END-- [ RunTime:0.024734s ]
INFO: [ view_parse ] --START--
NOTIC: [2] explode() expects parameter 2 to be string, array given C:\wamp64\www\Tprbac\ThinkPHP\Library\Think\Template.class.php 第 169 行.
NOTIC: [2] Invalid argument supplied for foreach() C:\wamp64\www\Tprbac\ThinkPHP\Library\Think\Template.class.php 第 170 行.
INFO: [ template_filter ] --START--
INFO: Run Behavior\ContentReplaceBehavior [ RunTime:0.000095s ]
INFO: [ template_filter ] --END-- [ RunTime:0.000213s ]
INFO: Run Behavior\ParseTemplateBehavior [ RunTime:0.146511s ]
INFO: [ view_parse ] --END-- [ RunTime:0.146634s ]
INFO: [ view_filter ] --START--
INFO: Run Behavior\WriteHtmlCacheBehavior [ RunTime:0.009752s ]
INFO: [ view_filter ] --END-- [ RunTime:0.009859s ]
INFO: [ app_end ] --START--
INFO: Run Behavior\ShowPageTraceBehavior [ RunTime:0.008807s ]
INFO: [ app_end ] --END-- [ RunTime:0.008910s ]

[ 2017-05-16T16:13:50+08:00 ] 127.0.0.1 /R615BzS?1.jpg
INFO: [ app_init ] --START--
INFO: Run Behavior\BuildLiteBehavior [ RunTime:0.000022s ]
INFO: [ app_init ] --END-- [ RunTime:0.000453s ]
INFO: [ app_begin ] --START--
INFO: Run Behavior\ReadHtmlCacheBehavior [ RunTime:0.000657s ]
INFO: Run Behavior\CheckLangBehavior [ RunTime:0.001106s ]
INFO: [ app_begin ] --END-- [ RunTime:0.001971s ]
INFO: [ view_parse ] --START--
NOTIC: [2] explode() expects parameter 2 to be string, array given C:\wamp64\www\Tprbac\ThinkPHP\Library\Think\Template.class.php 第 169 行.
NOTIC: [2] Invalid argument supplied for foreach() C:\wamp64\www\Tprbac\ThinkPHP\Library\Think\Template.class.php 第 170 行.
INFO: [ template_filter ] --START--
INFO: Run Behavior\ContentReplaceBehavior [ RunTime:0.000091s ]
INFO: [ template_filter ] --END-- [ RunTime:0.000191s ]
INFO: Run Behavior\ParseTemplateBehavior [ RunTime:0.010189s ]
INFO: [ view_parse ] --END-- [ RunTime:0.010320s ]
INFO: [ view_filter ] --START--
INFO: Run Behavior\WriteHtmlCacheBehavior [ RunTime:0.000487s ]
INFO: [ view_filter ] --END-- [ RunTime:0.000670s ]
INFO: [ app_end ] --START--
INFO: Run Behavior\ShowPageTraceBehavior [ RunTime:0.000580s ]
INFO: [ app_end ] --END-- [ RunTime:0.000682s ]

