[ 2017-05-10T16:26:50+08:00 ] 127.0.0.1 /index.php/Admin/login
INFO: [ app_init ] --START--
INFO: Run Behavior\BuildLiteBehavior [ RunTime:0.000024s ]
INFO: [ app_init ] --END-- [ RunTime:0.000472s ]
INFO: [ app_begin ] --START--
INFO: Run Behavior\ReadHtmlCacheBehavior [ RunTime:0.000507s ]
INFO: [ app_begin ] --END-- [ RunTime:0.000613s ]
INFO: [ view_parse ] --START--
INFO: [ template_filter ] --START--
INFO: Run Behavior\ContentReplaceBehavior [ RunTime:0.000076s ]
INFO: [ template_filter ] --END-- [ RunTime:0.000191s ]
INFO: Run Behavior\ParseTemplateBehavior [ RunTime:0.007922s ]
INFO: [ view_parse ] --END-- [ RunTime:0.008113s ]
INFO: [ view_filter ] --START--
INFO: Run Behavior\WriteHtmlCacheBehavior [ RunTime:0.000323s ]
INFO: [ view_filter ] --END-- [ RunTime:0.000407s ]
INFO: [ app_end ] --START--
INFO: Run Behavior\ShowPageTraceBehavior [ RunTime:0.000773s ]
INFO: [ app_end ] --END-- [ RunTime:0.000910s ]

[ 2017-05-10T16:26:50+08:00 ] 127.0.0.1 /index.php/Admin/Login/verify_code.html
INFO: [ app_init ] --START--
INFO: Run Behavior\BuildLiteBehavior [ RunTime:0.000020s ]
INFO: [ app_init ] --END-- [ RunTime:0.000311s ]
INFO: [ app_begin ] --START--
INFO: Run Behavior\ReadHtmlCacheBehavior [ RunTime:0.000446s ]
INFO: [ app_begin ] --END-- [ RunTime:0.000599s ]
INFO: [ app_end ] --START--
INFO: Run Behavior\ShowPageTraceBehavior [ RunTime:0.000465s ]
INFO: [ app_end ] --END-- [ RunTime:0.000583s ]

[ 2017-05-10T16:27:00+08:00 ] 127.0.0.1 /index.php/Admin/Login/login.html
INFO: [ app_init ] --START--
INFO: Run Behavior\BuildLiteBehavior [ RunTime:0.000021s ]
INFO: [ app_init ] --END-- [ RunTime:0.000315s ]
INFO: [ app_begin ] --START--
INFO: Run Behavior\ReadHtmlCacheBehavior [ RunTime:0.000313s ]
INFO: [ app_begin ] --END-- [ RunTime:0.000416s ]
NOTIC: [2] Missing argument 1 for I(), called in E:\wamp64\www\think\App\Admin\Controller\LoginController.class.php on line 35 and defined E:\wamp64\www\think\ThinkPHP\Common\functions.php 第 271 行.
NOTIC: [8] Undefined variable: name E:\wamp64\www\think\ThinkPHP\Common\functions.php 第 273 行.
NOTIC: [8] Undefined variable: name E:\wamp64\www\think\ThinkPHP\Common\functions.php 第 278 行.
NOTIC: [8] Undefined variable: name E:\wamp64\www\think\ThinkPHP\Common\functions.php 第 339 行.
SQL: SHOW COLUMNS FROM `zc_user_login` [ RunTime:0.0027s ]
NOTIC: [8] Undefined index: validate E:\wamp64\www\think\ThinkPHP\Library\Think\Model.class.php 第 1185 行.
NOTIC: [8] Undefined index: auto E:\wamp64\www\think\ThinkPHP\Library\Think\Model.class.php 第 1128 行.
SQL: SHOW COLUMNS FROM `zc_user_login` [ RunTime:0.0005s ]
SQL: SELECT * FROM `zc_user_login` WHERE `username` = 'admin' AND `password` = 'e10adc3949ba59abbe56e057f20f883e'  [ RunTime:0.0003s ]
NOTIC: [8] Undefined index: adminname E:\wamp64\www\think\App\Admin\Controller\LoginController.class.php 第 50 行.
NOTIC: [8] Undefined index: superadmin E:\wamp64\www\think\ThinkPHP\Library\Org\Util\Rbac.class.php 第 88 行.
SQL: select node.id,node.name from zc_role as role,zc_role_user as user,zc_access as access ,zc_node as node where user.user_id='87' and user.role_id=role.id and ( access.role_id=role.id  or (access.role_id=role.pid and role.pid!=0 ) ) and role.status=1 and access.node_id=node.id and node.level=1 and node.status=1 [ RunTime:0.0047s ]
SQL: select node.id,node.name from zc_role as role,zc_role_user as user,zc_access as access ,zc_node as node where user.user_id='87' and user.role_id=role.id and ( access.role_id=role.id  or (access.role_id=role.pid and role.pid!=0 ) ) and role.status=1 and access.node_id=node.id and node.level=2 and node.pid=1 and node.status=1 [ RunTime:0.0003s ]
SQL: select node.id,node.name from zc_role as role,zc_role_user as user,zc_access as access ,zc_node as node where user.user_id='87' and user.role_id=role.id and ( access.role_id=role.id  or (access.role_id=role.pid and role.pid!=0 ) ) and role.status=1 and access.node_id=node.id and node.level=3 and node.pid=3 and node.status=1 [ RunTime:0.0005s ]
SQL: select node.id,node.name from zc_role as role,zc_role_user as user,zc_access as access ,zc_node as node where user.user_id='87' and user.role_id=role.id and ( access.role_id=role.id  or (access.role_id=role.pid and role.pid!=0 ) ) and role.status=1 and access.node_id=node.id and node.level=3 and node.pid=5 and node.status=1 [ RunTime:0.0006s ]
SQL: SHOW COLUMNS FROM `zc_admin_user_log` [ RunTime:0.0020s ]
SQL: INSERT INTO `zc_admin_user_log` (`last_log`,`last_log_time`,`last_log_ip`,`admin_user_name`) VALUES ('admin登陆后台','1494404820','127.0.0.1','admin') [ RunTime:0.0003s ]
INFO: [ view_parse ] --START--
INFO: [ template_filter ] --START--
INFO: Run Behavior\ContentReplaceBehavior [ RunTime:0.000052s ]
INFO: [ template_filter ] --END-- [ RunTime:0.000140s ]
INFO: Run Behavior\ParseTemplateBehavior [ RunTime:0.005189s ]
INFO: [ view_parse ] --END-- [ RunTime:0.005293s ]
INFO: [ view_filter ] --START--
INFO: Run Behavior\WriteHtmlCacheBehavior [ RunTime:0.000182s ]
INFO: [ view_filter ] --END-- [ RunTime:0.000288s ]
INFO: [ app_end ] --START--
INFO: Run Behavior\ShowPageTraceBehavior [ RunTime:0.000327s ]
INFO: [ app_end ] --END-- [ RunTime:0.000428s ]

[ 2017-05-10T16:27:01+08:00 ] 127.0.0.1 /Admin/index/index
INFO: [ app_init ] --START--
INFO: Run Behavior\BuildLiteBehavior [ RunTime:0.000038s ]
INFO: [ app_init ] --END-- [ RunTime:0.000412s ]
INFO: [ app_begin ] --START--
INFO: Run Behavior\ReadHtmlCacheBehavior [ RunTime:0.000467s ]
INFO: [ app_begin ] --END-- [ RunTime:0.000566s ]
INFO: [ view_parse ] --START--
INFO: [ template_filter ] --START--
INFO: Run Behavior\ContentReplaceBehavior [ RunTime:0.000080s ]
INFO: [ template_filter ] --END-- [ RunTime:0.000180s ]
NOTIC: [8] Undefined variable: a E:\wamp64\www\think\Runtime\Cache\Admin\e56d45bb7793df9da9a20eca2ebbb8be.php 第 57 行.
NOTIC: [8] Undefined variable: a E:\wamp64\www\think\Runtime\Cache\Admin\e56d45bb7793df9da9a20eca2ebbb8be.php 第 89 行.
INFO: Run Behavior\ParseTemplateBehavior [ RunTime:0.011868s ]
INFO: [ view_parse ] --END-- [ RunTime:0.011986s ]
INFO: [ view_filter ] --START--
INFO: Run Behavior\WriteHtmlCacheBehavior [ RunTime:0.000436s ]
INFO: [ view_filter ] --END-- [ RunTime:0.000528s ]
INFO: [ app_end ] --START--
INFO: Run Behavior\ShowPageTraceBehavior [ RunTime:0.000398s ]
INFO: [ app_end ] --END-- [ RunTime:0.000528s ]

[ 2017-05-10T16:27:05+08:00 ] 127.0.0.1 /index.php/admin/index/add.html
INFO: [ app_init ] --START--
INFO: Run Behavior\BuildLiteBehavior [ RunTime:0.000020s ]
INFO: [ app_init ] --END-- [ RunTime:0.000344s ]
INFO: [ app_begin ] --START--
INFO: Run Behavior\ReadHtmlCacheBehavior [ RunTime:0.000397s ]
INFO: [ app_begin ] --END-- [ RunTime:0.000492s ]

[ 2017-05-10T16:28:00+08:00 ] 127.0.0.1 /index.php/admin/index/add.html
INFO: [ app_init ] --START--
INFO: Run Behavior\BuildLiteBehavior [ RunTime:0.000019s ]
INFO: [ app_init ] --END-- [ RunTime:0.000308s ]
INFO: [ app_begin ] --START--
INFO: Run Behavior\ReadHtmlCacheBehavior [ RunTime:0.000440s ]
INFO: [ app_begin ] --END-- [ RunTime:0.000559s ]

[ 2017-05-10T16:28:54+08:00 ] 127.0.0.1 /index.php/admin/index/add.html
INFO: [ app_init ] --START--
INFO: Run Behavior\BuildLiteBehavior [ RunTime:0.000018s ]
INFO: [ app_init ] --END-- [ RunTime:0.000340s ]
INFO: [ app_begin ] --START--
INFO: Run Behavior\ReadHtmlCacheBehavior [ RunTime:0.000396s ]
INFO: [ app_begin ] --END-- [ RunTime:0.000490s ]
NOTIC: [2] Missing argument 1 for Org\Util\Mail::sendMail(), called in E:\wamp64\www\think\App\Admin\Controller\IndexController.class.php on line 12 and defined E:\wamp64\www\think\ThinkPHP\Library\Org\Util\Mail.class.php 第 19 行.
NOTIC: [2] Missing argument 2 for Org\Util\Mail::sendMail(), called in E:\wamp64\www\think\App\Admin\Controller\IndexController.class.php on line 12 and defined E:\wamp64\www\think\ThinkPHP\Library\Org\Util\Mail.class.php 第 19 行.
NOTIC: [2] Missing argument 3 for Org\Util\Mail::sendMail(), called in E:\wamp64\www\think\App\Admin\Controller\IndexController.class.php on line 12 and defined E:\wamp64\www\think\ThinkPHP\Library\Org\Util\Mail.class.php 第 19 行.
NOTIC: [2] Missing argument 4 for Org\Util\Mail::sendMail(), called in E:\wamp64\www\think\App\Admin\Controller\IndexController.class.php on line 12 and defined E:\wamp64\www\think\ThinkPHP\Library\Org\Util\Mail.class.php 第 19 行.
NOTIC: [2] Missing argument 5 for Org\Util\Mail::sendMail(), called in E:\wamp64\www\think\App\Admin\Controller\IndexController.class.php on line 12 and defined E:\wamp64\www\think\ThinkPHP\Library\Org\Util\Mail.class.php 第 19 行.
NOTIC: [2] Missing argument 6 for Org\Util\Mail::sendMail(), called in E:\wamp64\www\think\App\Admin\Controller\IndexController.class.php on line 12 and defined E:\wamp64\www\think\ThinkPHP\Library\Org\Util\Mail.class.php 第 19 行.
NOTIC: [2] Missing argument 7 for Org\Util\Mail::sendMail(), called in E:\wamp64\www\think\App\Admin\Controller\IndexController.class.php on line 12 and defined E:\wamp64\www\think\ThinkPHP\Library\Org\Util\Mail.class.php 第 19 行.

[ 2017-05-10T16:30:42+08:00 ] 127.0.0.1 /index.php/admin/index/add.html
INFO: [ app_init ] --START--
INFO: Run Behavior\BuildLiteBehavior [ RunTime:0.000022s ]
INFO: [ app_init ] --END-- [ RunTime:0.000330s ]
INFO: [ app_begin ] --START--
INFO: Run Behavior\ReadHtmlCacheBehavior [ RunTime:0.000727s ]
INFO: [ app_begin ] --END-- [ RunTime:0.001083s ]
NOTIC: [2] Missing argument 1 for Org\Util\Mail::sendMail(), called in E:\wamp64\www\think\App\Admin\Controller\IndexController.class.php on line 12 and defined E:\wamp64\www\think\ThinkPHP\Library\Org\Util\Mail.class.php 第 20 行.
NOTIC: [2] Missing argument 2 for Org\Util\Mail::sendMail(), called in E:\wamp64\www\think\App\Admin\Controller\IndexController.class.php on line 12 and defined E:\wamp64\www\think\ThinkPHP\Library\Org\Util\Mail.class.php 第 20 行.
NOTIC: [2] Missing argument 3 for Org\Util\Mail::sendMail(), called in E:\wamp64\www\think\App\Admin\Controller\IndexController.class.php on line 12 and defined E:\wamp64\www\think\ThinkPHP\Library\Org\Util\Mail.class.php 第 20 行.
NOTIC: [2] Missing argument 4 for Org\Util\Mail::sendMail(), called in E:\wamp64\www\think\App\Admin\Controller\IndexController.class.php on line 12 and defined E:\wamp64\www\think\ThinkPHP\Library\Org\Util\Mail.class.php 第 20 行.
NOTIC: [2] Missing argument 5 for Org\Util\Mail::sendMail(), called in E:\wamp64\www\think\App\Admin\Controller\IndexController.class.php on line 12 and defined E:\wamp64\www\think\ThinkPHP\Library\Org\Util\Mail.class.php 第 20 行.
NOTIC: [2] Missing argument 6 for Org\Util\Mail::sendMail(), called in E:\wamp64\www\think\App\Admin\Controller\IndexController.class.php on line 12 and defined E:\wamp64\www\think\ThinkPHP\Library\Org\Util\Mail.class.php 第 20 行.
NOTIC: [2] Missing argument 7 for Org\Util\Mail::sendMail(), called in E:\wamp64\www\think\App\Admin\Controller\IndexController.class.php on line 12 and defined E:\wamp64\www\think\ThinkPHP\Library\Org\Util\Mail.class.php 第 20 行.

[ 2017-05-10T16:38:28+08:00 ] 127.0.0.1 /index.php/admin/index/add.html
INFO: [ app_init ] --START--
INFO: Run Behavior\BuildLiteBehavior [ RunTime:0.000020s ]
INFO: [ app_init ] --END-- [ RunTime:0.000361s ]
INFO: [ app_begin ] --START--
INFO: Run Behavior\ReadHtmlCacheBehavior [ RunTime:0.000595s ]
INFO: [ app_begin ] --END-- [ RunTime:0.000836s ]
NOTIC: [2] Missing argument 1 for Org\Util\Mail::sendMail(), called in E:\wamp64\www\think\App\Admin\Controller\IndexController.class.php on line 12 and defined E:\wamp64\www\think\ThinkPHP\Library\Org\Util\Mail.class.php 第 20 行.
NOTIC: [2] Missing argument 2 for Org\Util\Mail::sendMail(), called in E:\wamp64\www\think\App\Admin\Controller\IndexController.class.php on line 12 and defined E:\wamp64\www\think\ThinkPHP\Library\Org\Util\Mail.class.php 第 20 行.
NOTIC: [2] Missing argument 3 for Org\Util\Mail::sendMail(), called in E:\wamp64\www\think\App\Admin\Controller\IndexController.class.php on line 12 and defined E:\wamp64\www\think\ThinkPHP\Library\Org\Util\Mail.class.php 第 20 行.
NOTIC: [2] Missing argument 4 for Org\Util\Mail::sendMail(), called in E:\wamp64\www\think\App\Admin\Controller\IndexController.class.php on line 12 and defined E:\wamp64\www\think\ThinkPHP\Library\Org\Util\Mail.class.php 第 20 行.
NOTIC: [2] Missing argument 5 for Org\Util\Mail::sendMail(), called in E:\wamp64\www\think\App\Admin\Controller\IndexController.class.php on line 12 and defined E:\wamp64\www\think\ThinkPHP\Library\Org\Util\Mail.class.php 第 20 行.
NOTIC: [2] Missing argument 6 for Org\Util\Mail::sendMail(), called in E:\wamp64\www\think\App\Admin\Controller\IndexController.class.php on line 12 and defined E:\wamp64\www\think\ThinkPHP\Library\Org\Util\Mail.class.php 第 20 行.
NOTIC: [2] Missing argument 7 for Org\Util\Mail::sendMail(), called in E:\wamp64\www\think\App\Admin\Controller\IndexController.class.php on line 12 and defined E:\wamp64\www\think\ThinkPHP\Library\Org\Util\Mail.class.php 第 20 行.

[ 2017-05-10T16:40:53+08:00 ] 127.0.0.1 /index.php/admin/index/add.html
INFO: [ app_init ] --START--
INFO: Run Behavior\BuildLiteBehavior [ RunTime:0.000021s ]
INFO: [ app_init ] --END-- [ RunTime:0.000357s ]
INFO: [ app_begin ] --START--
INFO: Run Behavior\ReadHtmlCacheBehavior [ RunTime:0.000429s ]
INFO: [ app_begin ] --END-- [ RunTime:0.000531s ]
NOTIC: [2] Missing argument 1 for Org\Util\Mail::sendMail(), called in E:\wamp64\www\think\App\Admin\Controller\IndexController.class.php on line 12 and defined E:\wamp64\www\think\ThinkPHP\Library\Org\Util\Mail.class.php 第 20 行.
NOTIC: [2] Missing argument 2 for Org\Util\Mail::sendMail(), called in E:\wamp64\www\think\App\Admin\Controller\IndexController.class.php on line 12 and defined E:\wamp64\www\think\ThinkPHP\Library\Org\Util\Mail.class.php 第 20 行.
NOTIC: [2] Missing argument 3 for Org\Util\Mail::sendMail(), called in E:\wamp64\www\think\App\Admin\Controller\IndexController.class.php on line 12 and defined E:\wamp64\www\think\ThinkPHP\Library\Org\Util\Mail.class.php 第 20 行.
NOTIC: [2] Missing argument 4 for Org\Util\Mail::sendMail(), called in E:\wamp64\www\think\App\Admin\Controller\IndexController.class.php on line 12 and defined E:\wamp64\www\think\ThinkPHP\Library\Org\Util\Mail.class.php 第 20 行.
NOTIC: [2] Missing argument 5 for Org\Util\Mail::sendMail(), called in E:\wamp64\www\think\App\Admin\Controller\IndexController.class.php on line 12 and defined E:\wamp64\www\think\ThinkPHP\Library\Org\Util\Mail.class.php 第 20 行.
NOTIC: [2] Missing argument 6 for Org\Util\Mail::sendMail(), called in E:\wamp64\www\think\App\Admin\Controller\IndexController.class.php on line 12 and defined E:\wamp64\www\think\ThinkPHP\Library\Org\Util\Mail.class.php 第 20 行.
NOTIC: [2] Missing argument 7 for Org\Util\Mail::sendMail(), called in E:\wamp64\www\think\App\Admin\Controller\IndexController.class.php on line 12 and defined E:\wamp64\www\think\ThinkPHP\Library\Org\Util\Mail.class.php 第 20 行.
NOTIC: [2] require_once(class.smtp.php): failed to open stream: No such file or directory E:\wamp64\www\think\ThinkPHP\Library\Org\Util\PHPMailer.class.php 第 703 行.

[ 2017-05-10T16:41:53+08:00 ] 127.0.0.1 /index.php/admin/index/add.html
INFO: [ app_init ] --START--
INFO: Run Behavior\BuildLiteBehavior [ RunTime:0.000029s ]
INFO: [ app_init ] --END-- [ RunTime:0.000455s ]
INFO: [ app_begin ] --START--
INFO: Run Behavior\ReadHtmlCacheBehavior [ RunTime:0.000411s ]
INFO: [ app_begin ] --END-- [ RunTime:0.000520s ]
NOTIC: [2] Missing argument 1 for Org\Util\Mail::sendMail(), called in E:\wamp64\www\think\App\Admin\Controller\IndexController.class.php on line 12 and defined E:\wamp64\www\think\ThinkPHP\Library\Org\Util\Mail.class.php 第 20 行.
NOTIC: [2] Missing argument 2 for Org\Util\Mail::sendMail(), called in E:\wamp64\www\think\App\Admin\Controller\IndexController.class.php on line 12 and defined E:\wamp64\www\think\ThinkPHP\Library\Org\Util\Mail.class.php 第 20 行.
NOTIC: [2] Missing argument 3 for Org\Util\Mail::sendMail(), called in E:\wamp64\www\think\App\Admin\Controller\IndexController.class.php on line 12 and defined E:\wamp64\www\think\ThinkPHP\Library\Org\Util\Mail.class.php 第 20 行.
NOTIC: [2] Missing argument 4 for Org\Util\Mail::sendMail(), called in E:\wamp64\www\think\App\Admin\Controller\IndexController.class.php on line 12 and defined E:\wamp64\www\think\ThinkPHP\Library\Org\Util\Mail.class.php 第 20 行.
NOTIC: [2] Missing argument 5 for Org\Util\Mail::sendMail(), called in E:\wamp64\www\think\App\Admin\Controller\IndexController.class.php on line 12 and defined E:\wamp64\www\think\ThinkPHP\Library\Org\Util\Mail.class.php 第 20 行.
NOTIC: [2] Missing argument 6 for Org\Util\Mail::sendMail(), called in E:\wamp64\www\think\App\Admin\Controller\IndexController.class.php on line 12 and defined E:\wamp64\www\think\ThinkPHP\Library\Org\Util\Mail.class.php 第 20 行.
NOTIC: [2] Missing argument 7 for Org\Util\Mail::sendMail(), called in E:\wamp64\www\think\App\Admin\Controller\IndexController.class.php on line 12 and defined E:\wamp64\www\think\ThinkPHP\Library\Org\Util\Mail.class.php 第 20 行.

[ 2017-05-10T16:42:15+08:00 ] 127.0.0.1 /index.php/admin/index/add.html
INFO: [ app_init ] --START--
INFO: Run Behavior\BuildLiteBehavior [ RunTime:0.000021s ]
INFO: [ app_init ] --END-- [ RunTime:0.000320s ]
INFO: [ app_begin ] --START--
INFO: Run Behavior\ReadHtmlCacheBehavior [ RunTime:0.000321s ]
INFO: [ app_begin ] --END-- [ RunTime:0.000416s ]
NOTIC: [2] Missing argument 1 for Org\Util\Mail::sendMail(), called in E:\wamp64\www\think\App\Admin\Controller\IndexController.class.php on line 12 and defined E:\wamp64\www\think\ThinkPHP\Library\Org\Util\Mail.class.php 第 20 行.
NOTIC: [2] Missing argument 2 for Org\Util\Mail::sendMail(), called in E:\wamp64\www\think\App\Admin\Controller\IndexController.class.php on line 12 and defined E:\wamp64\www\think\ThinkPHP\Library\Org\Util\Mail.class.php 第 20 行.
NOTIC: [2] Missing argument 3 for Org\Util\Mail::sendMail(), called in E:\wamp64\www\think\App\Admin\Controller\IndexController.class.php on line 12 and defined E:\wamp64\www\think\ThinkPHP\Library\Org\Util\Mail.class.php 第 20 行.
NOTIC: [2] Missing argument 4 for Org\Util\Mail::sendMail(), called in E:\wamp64\www\think\App\Admin\Controller\IndexController.class.php on line 12 and defined E:\wamp64\www\think\ThinkPHP\Library\Org\Util\Mail.class.php 第 20 行.
NOTIC: [2] Missing argument 5 for Org\Util\Mail::sendMail(), called in E:\wamp64\www\think\App\Admin\Controller\IndexController.class.php on line 12 and defined E:\wamp64\www\think\ThinkPHP\Library\Org\Util\Mail.class.php 第 20 行.
NOTIC: [2] Missing argument 6 for Org\Util\Mail::sendMail(), called in E:\wamp64\www\think\App\Admin\Controller\IndexController.class.php on line 12 and defined E:\wamp64\www\think\ThinkPHP\Library\Org\Util\Mail.class.php 第 20 行.
NOTIC: [2] Missing argument 7 for Org\Util\Mail::sendMail(), called in E:\wamp64\www\think\App\Admin\Controller\IndexController.class.php on line 12 and defined E:\wamp64\www\think\ThinkPHP\Library\Org\Util\Mail.class.php 第 20 行.
INFO: [ app_end ] --START--
INFO: Run Behavior\ShowPageTraceBehavior [ RunTime:0.000610s ]
INFO: [ app_end ] --END-- [ RunTime:0.000765s ]

[ 2017-05-10T16:42:40+08:00 ] 127.0.0.1 /index.php/admin/index/add.html
INFO: [ app_init ] --START--
INFO: Run Behavior\BuildLiteBehavior [ RunTime:0.000020s ]
INFO: [ app_init ] --END-- [ RunTime:0.000316s ]
INFO: [ app_begin ] --START--
INFO: Run Behavior\ReadHtmlCacheBehavior [ RunTime:0.000347s ]
INFO: [ app_begin ] --END-- [ RunTime:0.000440s ]
NOTIC: [2] Missing argument 1 for Org\Util\Mail::sendMail(), called in E:\wamp64\www\think\App\Admin\Controller\IndexController.class.php on line 12 and defined E:\wamp64\www\think\ThinkPHP\Library\Org\Util\Mail.class.php 第 20 行.
NOTIC: [2] Missing argument 2 for Org\Util\Mail::sendMail(), called in E:\wamp64\www\think\App\Admin\Controller\IndexController.class.php on line 12 and defined E:\wamp64\www\think\ThinkPHP\Library\Org\Util\Mail.class.php 第 20 行.
NOTIC: [2] Missing argument 3 for Org\Util\Mail::sendMail(), called in E:\wamp64\www\think\App\Admin\Controller\IndexController.class.php on line 12 and defined E:\wamp64\www\think\ThinkPHP\Library\Org\Util\Mail.class.php 第 20 行.
NOTIC: [2] Missing argument 4 for Org\Util\Mail::sendMail(), called in E:\wamp64\www\think\App\Admin\Controller\IndexController.class.php on line 12 and defined E:\wamp64\www\think\ThinkPHP\Library\Org\Util\Mail.class.php 第 20 行.
NOTIC: [2] Missing argument 5 for Org\Util\Mail::sendMail(), called in E:\wamp64\www\think\App\Admin\Controller\IndexController.class.php on line 12 and defined E:\wamp64\www\think\ThinkPHP\Library\Org\Util\Mail.class.php 第 20 行.
NOTIC: [2] Missing argument 6 for Org\Util\Mail::sendMail(), called in E:\wamp64\www\think\App\Admin\Controller\IndexController.class.php on line 12 and defined E:\wamp64\www\think\ThinkPHP\Library\Org\Util\Mail.class.php 第 20 行.
NOTIC: [2] Missing argument 7 for Org\Util\Mail::sendMail(), called in E:\wamp64\www\think\App\Admin\Controller\IndexController.class.php on line 12 and defined E:\wamp64\www\think\ThinkPHP\Library\Org\Util\Mail.class.php 第 20 行.
INFO: [ app_end ] --START--
INFO: Run Behavior\ShowPageTraceBehavior [ RunTime:0.000446s ]
INFO: [ app_end ] --END-- [ RunTime:0.000599s ]

[ 2017-05-10T16:47:47+08:00 ] 127.0.0.1 /index.php/admin/index
INFO: [ app_init ] --START--
INFO: Run Behavior\BuildLiteBehavior [ RunTime:0.000020s ]
INFO: [ app_init ] --END-- [ RunTime:0.000641s ]
INFO: [ app_begin ] --START--
INFO: Run Behavior\ReadHtmlCacheBehavior [ RunTime:0.000431s ]
INFO: [ app_begin ] --END-- [ RunTime:0.000539s ]
INFO: [ view_parse ] --START--
INFO: [ template_filter ] --START--
INFO: Run Behavior\ContentReplaceBehavior [ RunTime:0.000083s ]
INFO: [ template_filter ] --END-- [ RunTime:0.000182s ]
NOTIC: [8] Undefined variable: a E:\wamp64\www\think\Runtime\Cache\Admin\e56d45bb7793df9da9a20eca2ebbb8be.php 第 57 行.
NOTIC: [8] Undefined variable: a E:\wamp64\www\think\Runtime\Cache\Admin\e56d45bb7793df9da9a20eca2ebbb8be.php 第 89 行.
INFO: Run Behavior\ParseTemplateBehavior [ RunTime:0.010366s ]
INFO: [ view_parse ] --END-- [ RunTime:0.010519s ]
INFO: [ view_filter ] --START--
INFO: Run Behavior\WriteHtmlCacheBehavior [ RunTime:0.000474s ]
INFO: [ view_filter ] --END-- [ RunTime:0.000563s ]
INFO: [ app_end ] --START--
INFO: Run Behavior\ShowPageTraceBehavior [ RunTime:0.000664s ]
INFO: [ app_end ] --END-- [ RunTime:0.000762s ]

[ 2017-05-10T16:50:59+08:00 ] 127.0.0.1 /index.php/admin/index/add.html
INFO: [ app_init ] --START--
INFO: Run Behavior\BuildLiteBehavior [ RunTime:0.000020s ]
INFO: [ app_init ] --END-- [ RunTime:0.000379s ]
INFO: [ app_begin ] --START--
INFO: Run Behavior\ReadHtmlCacheBehavior [ RunTime:0.000456s ]
INFO: [ app_begin ] --END-- [ RunTime:0.000554s ]
NOTIC: [2] Missing argument 1 for Org\Util\Mail::sendMail(), called in E:\wamp64\www\think\App\Admin\Controller\IndexController.class.php on line 12 and defined E:\wamp64\www\think\ThinkPHP\Library\Org\Util\Mail.class.php 第 20 行.
NOTIC: [2] Missing argument 2 for Org\Util\Mail::sendMail(), called in E:\wamp64\www\think\App\Admin\Controller\IndexController.class.php on line 12 and defined E:\wamp64\www\think\ThinkPHP\Library\Org\Util\Mail.class.php 第 20 行.
NOTIC: [2] Missing argument 3 for Org\Util\Mail::sendMail(), called in E:\wamp64\www\think\App\Admin\Controller\IndexController.class.php on line 12 and defined E:\wamp64\www\think\ThinkPHP\Library\Org\Util\Mail.class.php 第 20 行.
NOTIC: [2] Missing argument 4 for Org\Util\Mail::sendMail(), called in E:\wamp64\www\think\App\Admin\Controller\IndexController.class.php on line 12 and defined E:\wamp64\www\think\ThinkPHP\Library\Org\Util\Mail.class.php 第 20 行.
NOTIC: [2] Missing argument 5 for Org\Util\Mail::sendMail(), called in E:\wamp64\www\think\App\Admin\Controller\IndexController.class.php on line 12 and defined E:\wamp64\www\think\ThinkPHP\Library\Org\Util\Mail.class.php 第 20 行.
NOTIC: [2] Missing argument 6 for Org\Util\Mail::sendMail(), called in E:\wamp64\www\think\App\Admin\Controller\IndexController.class.php on line 12 and defined E:\wamp64\www\think\ThinkPHP\Library\Org\Util\Mail.class.php 第 20 行.
NOTIC: [2] Missing argument 7 for Org\Util\Mail::sendMail(), called in E:\wamp64\www\think\App\Admin\Controller\IndexController.class.php on line 12 and defined E:\wamp64\www\think\ThinkPHP\Library\Org\Util\Mail.class.php 第 20 行.
INFO: [ app_end ] --START--
INFO: Run Behavior\ShowPageTraceBehavior [ RunTime:0.000786s ]
INFO: [ app_end ] --END-- [ RunTime:0.000969s ]

[ 2017-05-10T16:51:27+08:00 ] 127.0.0.1 /index.php/admin/index/add.html
INFO: [ app_init ] --START--
INFO: Run Behavior\BuildLiteBehavior [ RunTime:0.000019s ]
INFO: [ app_init ] --END-- [ RunTime:0.000356s ]
INFO: [ app_begin ] --START--
INFO: Run Behavior\ReadHtmlCacheBehavior [ RunTime:0.000307s ]
INFO: [ app_begin ] --END-- [ RunTime:0.000398s ]
NOTIC: [2] Missing argument 1 for Org\Util\Mail::sendMail(), called in E:\wamp64\www\think\App\Admin\Controller\IndexController.class.php on line 12 and defined E:\wamp64\www\think\ThinkPHP\Library\Org\Util\Mail.class.php 第 20 行.
NOTIC: [2] Missing argument 2 for Org\Util\Mail::sendMail(), called in E:\wamp64\www\think\App\Admin\Controller\IndexController.class.php on line 12 and defined E:\wamp64\www\think\ThinkPHP\Library\Org\Util\Mail.class.php 第 20 行.
NOTIC: [2] Missing argument 3 for Org\Util\Mail::sendMail(), called in E:\wamp64\www\think\App\Admin\Controller\IndexController.class.php on line 12 and defined E:\wamp64\www\think\ThinkPHP\Library\Org\Util\Mail.class.php 第 20 行.
NOTIC: [2] Missing argument 4 for Org\Util\Mail::sendMail(), called in E:\wamp64\www\think\App\Admin\Controller\IndexController.class.php on line 12 and defined E:\wamp64\www\think\ThinkPHP\Library\Org\Util\Mail.class.php 第 20 行.
NOTIC: [2] Missing argument 5 for Org\Util\Mail::sendMail(), called in E:\wamp64\www\think\App\Admin\Controller\IndexController.class.php on line 12 and defined E:\wamp64\www\think\ThinkPHP\Library\Org\Util\Mail.class.php 第 20 行.
NOTIC: [2] Missing argument 6 for Org\Util\Mail::sendMail(), called in E:\wamp64\www\think\App\Admin\Controller\IndexController.class.php on line 12 and defined E:\wamp64\www\think\ThinkPHP\Library\Org\Util\Mail.class.php 第 20 行.
NOTIC: [2] Missing argument 7 for Org\Util\Mail::sendMail(), called in E:\wamp64\www\think\App\Admin\Controller\IndexController.class.php on line 12 and defined E:\wamp64\www\think\ThinkPHP\Library\Org\Util\Mail.class.php 第 20 行.
INFO: [ app_end ] --START--
INFO: Run Behavior\ShowPageTraceBehavior [ RunTime:0.000576s ]
INFO: [ app_end ] --END-- [ RunTime:0.000728s ]

